Tname tGapStart tGapSize tGapEnd Samples Qname qGapStart qGapSize qGapEnd pTAL1Start pSpacerLen pTAL2Start pTAL1Target pTAL2Target pTAL1Rvd pTAL2Rvd pTAL1Score pTAL2Score pTALEN
OsjChr1 36062732 167 36062899 YB3; 1060891 1227 0 1227 36062881 17 36062941 TGCATAGAGGATCGATCAGAAAA TGCATACCAACAACATGCACACA RVD2 RVD2 26.53 27.08 pTALEN_Os11N3
OsjChr1 36062733 166 36062899 YB5; 831521 460 0 460 36062881 17 36062941 TGCATAGAGGATCGATCAGAAAA TGCATACCAACAACATGCACACA RVD2 RVD2 26.53 27.08 pTALEN_Os11N3
OsjChr10 2215236 4578 2219814 YB3; 1088250 199 0 199 2218317 20 2218380 TAAAAGAAAAGCTGATGAAAGTA TGCTTAAAACCTTTAGCTACCAA RVD2 RVD2 27.08 24.36 pTALEN_Os11N3
OsjChr10 2215236 4578 2219814 YB2; 1123750 1735 0 1735 2218317 20 2218380 TAAAAGAAAAGCTGATGAAAGTA TGCTTAAAACCTTTAGCTACCAA RVD2 RVD2 27.08 24.36 pTALEN_Os11N3
OsjChr10 2215236 4578 2219814 YB5; 1140915 1495 0 1495 2218317 20 2218380 TAAAAGAAAAGCTGATGAAAGTA TGCTTAAAACCTTTAGCTACCAA RVD2 RVD2 27.08 24.36 pTALEN_Os11N3
OsjChr10 2215236 4578 2219814 YB7; 1141292 1257 0 1257 2218317 20 2218380 TAAAAGAAAAGCTGATGAAAGTA TGCTTAAAACCTTTAGCTACCAA RVD2 RVD2 27.08 24.36 pTALEN_Os11N3
OsjChr10 2215236 4578 2219814 YB4; 1242174 1749 0 1749 2218317 20 2218380 TAAAAGAAAAGCTGATGAAAGTA TGCTTAAAACCTTTAGCTACCAA RVD2 RVD2 27.08 24.36 pTALEN_Os11N3
OsjChr10 2215236 4578 2219814 YB8; 1251905 1051 0 1051 2218317 20 2218380 TAAAAGAAAAGCTGATGAAAGTA TGCTTAAAACCTTTAGCTACCAA RVD2 RVD2 27.08 24.36 pTALEN_Os11N3
OsjChr10 12381548 2046 12383594 YB7; 1053064 564 0 564 12382353 19 12382415 TCCTGGAAGCCTTCAAGGACTCA TGCTGGAAAAACTGAAGAGAAAC RVD2 RVD2 22.98 27.19 pTALEN_Os11N3
OsjChr11 18174493 6 18174499 YB2; 1093746 776 1 777 18174463 19 18174525 TGCTTGAAGGCTTGATGAGCTTA TCTTCCTTCCTAGCACTATATAA RVD2 RVD1 9.09 5.17 pTALEN_Os11N3
OsjChr11 18174493 6 18174499 YB6; 1158410 2799 1 2800 18174463 19 18174525 TGCTTGAAGGCTTGATGAGCTTA TCTTCCTTCCTAGCACTATATAA RVD2 RVD1 9.09 5.17 pTALEN_Os11N3
OsjChr11 18174493 6 18174499 YB7; 1159256 1722 1 1723 18174463 19 18174525 TGCTTGAAGGCTTGATGAGCTTA TCTTCCTTCCTAGCACTATATAA RVD2 RVD1 9.09 5.17 pTALEN_Os11N3
OsjChr11 18174493 6 18174499 YB5; 1168565 4308 1 4309 18174463 19 18174525 TGCTTGAAGGCTTGATGAGCTTA TCTTCCTTCCTAGCACTATATAA RVD2 RVD1 9.09 5.17 pTALEN_Os11N3
OsjChr11 18174493 6 18174499 YB3; 1191711 4312 1 4313 18174463 19 18174525 TGCTTGAAGGCTTGATGAGCTTA TCTTCCTTCCTAGCACTATATAA RVD2 RVD1 9.09 5.17 pTALEN_Os11N3
OsjChr11 18174493 6 18174499 YB4; 1245264 1719 1 1720 18174463 19 18174525 TGCTTGAAGGCTTGATGAGCTTA TCTTCCTTCCTAGCACTATATAA RVD2 RVD1 9.09 5.17 pTALEN_Os11N3
OsjChr11 18174493 6 18174499 YB8; 1300843 1839 1 1840 18174463 19 18174525 TGCTTGAAGGCTTGATGAGCTTA TCTTCCTTCCTAGCACTATATAA RVD2 RVD1 9.09 5.17 pTALEN_Os11N3
OsjChr11 6169495 2906 6172401 YB3; 1074369 47 0 47 6172085 28 6172156 TACTTGGACACTCAAAGTACTTA TAATTAACCACATATTAAATTAA RVD2 RVD2 21.98 26.48 pTALEN_Os11N3
OsjChr11 6169495 2906 6172401 YB7; 1076866 291 0 291 6172085 28 6172156 TACTTGGACACTCAAAGTACTTA TAATTAACCACATATTAAATTAA RVD2 RVD2 21.98 26.48 pTALEN_Os11N3
OsjChr11 6169495 2906 6172401 YB8; 1185950 25 0 25 6172085 28 6172156 TACTTGGACACTCAAAGTACTTA TAATTAACCACATATTAAATTAA RVD2 RVD2 21.98 26.48 pTALEN_Os11N3
OsjChr11 6169495 2906 6172401 YB2; 795974 138 0 138 6172085 28 6172156 TACTTGGACACTCAAAGTACTTA TAATTAACCACATATTAAATTAA RVD2 RVD2 21.98 26.48 pTALEN_Os11N3
OsjChr11 6169495 2906 6172401 YB6; 813355 100 0 100 6172085 28 6172156 TACTTGGACACTCAAAGTACTTA TAATTAACCACATATTAAATTAA RVD2 RVD2 21.98 26.48 pTALEN_Os11N3
OsjChr11 6169495 2906 6172401 YB5; 968885 454 0 454 6172085 28 6172156 TACTTGGACACTCAAAGTACTTA TAATTAACCACATATTAAATTAA RVD2 RVD2 21.98 26.48 pTALEN_Os11N3
OsjChr11 6169495 2906 6172401 YB4; 997131 289 0 289 6172085 28 6172156 TACTTGGACACTCAAAGTACTTA TAATTAACCACATATTAAATTAA RVD2 RVD2 21.98 26.48 pTALEN_Os11N3
OsjChr11 27672188 10 27672198 YB6; 1115569 1628 0 1628 27672192 17 27672252 TGCATGAATACTAGATTCTATAA TAATCAATTAATTAATTAGCTCA RVD2 RVD2 25.79 26.14 pTALEN_Os11N3
OsjChr11 27672188 10 27672198 YB2; 1162184 1877 0 1877 27672192 17 27672252 TGCATGAATACTAGATTCTATAA TAATCAATTAATTAATTAGCTCA RVD2 RVD2 25.79 26.14 pTALEN_Os11N3
OsjChr11 27672188 10 27672198 YB5; 1164147 1992 0 1992 27672192 17 27672252 TGCATGAATACTAGATTCTATAA TAATCAATTAATTAATTAGCTCA RVD2 RVD2 25.79 26.14 pTALEN_Os11N3
OsjChr11 27672188 10 27672198 YB7; 1168530 3425 0 3425 27672192 17 27672252 TGCATGAATACTAGATTCTATAA TAATCAATTAATTAATTAGCTCA RVD2 RVD2 25.79 26.14 pTALEN_Os11N3
OsjChr11 27672188 10 27672198 YB3; 1185243 3878 0 3878 27672192 17 27672252 TGCATGAATACTAGATTCTATAA TAATCAATTAATTAATTAGCTCA RVD2 RVD2 25.79 26.14 pTALEN_Os11N3
OsjChr11 27672188 10 27672198 YB8; 1197406 546 0 546 27672192 17 27672252 TGCATGAATACTAGATTCTATAA TAATCAATTAATTAATTAGCTCA RVD2 RVD2 25.79 26.14 pTALEN_Os11N3
OsjChr11 27672188 10 27672198 YB4; 1280935 3870 0 3870 27672192 17 27672252 TGCATGAATACTAGATTCTATAA TAATCAATTAATTAATTAGCTCA RVD2 RVD2 25.79 26.14 pTALEN_Os11N3
OsjChr2 18712177 3785 18715962 YB7; 1175214 1571 0 1571 18712636 21 18712700 TTCTTACCTACTTTCTTATCTTA TGATTAAAGACAAGGTAAAATTA RVD2 RVD2 25.81 22.06 pTALEN_Os11N3
OsjChr2 31200813 262 31201075 YB8; 829147 322 0 322 31200733 30 31200806 TATTTGAAAAAATATTGAACGTA TGCACAAATACTTAATTATGTTG RVD2 RVD2 24.17 26.87 pTALEN_Os11N3
OsjChr3 7453387 84 7453471 YB6; 1103357 1680 0 1680 7453406 28 7453477 TAAATGTATTATTGAAAAACTTA TAGAAAAAGGCTGAACAAGATAA RVD2 RVD2 25.94 26.76 pTALEN_Os11N3
OsjChr4 20626111 120 20626231 YB7; 1001704 706 0 706 20626236 26 20626305 TGCTTAAAGTATTGTGGATAATA TTATTCAAAATTTTTTAAAATTA RVD2 RVD2 26.54 26.44 pTALEN_Os11N3
OsjChr4 20626111 120 20626231 YB3; 1039749 689 0 689 20626236 26 20626305 TGCTTAAAGTATTGTGGATAATA TTATTCAAAATTTTTTAAAATTA RVD2 RVD2 26.54 26.44 pTALEN_Os11N3
OsjChr4 20626111 120 20626231 YB8; 1136201 691 0 691 20626236 26 20626305 TGCTTAAAGTATTGTGGATAATA TTATTCAAAATTTTTTAAAATTA RVD2 RVD2 26.54 26.44 pTALEN_Os11N3
OsjChr4 20626111 120 20626231 YB2; 983273 825 0 825 20626236 26 20626305 TGCTTAAAGTATTGTGGATAATA TTATTCAAAATTTTTTAAAATTA RVD2 RVD2 26.54 26.44 pTALEN_Os11N3
OsjChr4 20626111 120 20626231 YB6; 983715 687 0 687 20626236 26 20626305 TGCTTAAAGTATTGTGGATAATA TTATTCAAAATTTTTTAAAATTA RVD2 RVD2 26.54 26.44 pTALEN_Os11N3
OsjChr7 12674681 11 12674692 YB1; 1047345 1241 12 1253 12674676 19 12674738 TACTTTCAAAGTAAGTAAATTTA TACTTTTAGATTTCACTAAATTA RVD2 RVD2 26.67 25.92 pTALEN_Os11N3
OsjChr7 19387074 2562 19389636 YB8; 1299865 2305 0 2305 19387016 25 19387084 TATTTAAAATATTTATGTAATTA TGCTTAAAGAACAATTGATGATA RVD2 RVD2 25.38 27.12 pTALEN_Os11N3
OsjChr8 18489446 32 18489478 YB6; 1052631 1023 0 1023 18489485 20 18489548 TACTTCTAGATTTCACTAAATTA TACTTTCAGACTTTATCGAATTT RVD2 RVD2 24.93 26.22 pTALEN_Os11N3
OsjChr8 18489446 32 18489478 YB2; 1117268 2276 0 2276 18489485 20 18489548 TACTTCTAGATTTCACTAAATTA TACTTTCAGACTTTATCGAATTT RVD2 RVD2 24.93 26.22 pTALEN_Os11N3
OsjChr8 18489446 32 18489478 YB3; 1167280 2922 0 2922 18489485 20 18489548 TACTTCTAGATTTCACTAAATTA TACTTTCAGACTTTATCGAATTT RVD2 RVD2 24.93 26.22 pTALEN_Os11N3
OsjChr8 18489446 32 18489478 YB8; 1245861 1491 0 1491 18489485 20 18489548 TACTTCTAGATTTCACTAAATTA TACTTTCAGACTTTATCGAATTT RVD2 RVD2 24.93 26.22 pTALEN_Os11N3
OsjChr8 18489446 32 18489478 YB7; 793607 122 0 122 18489485 20 18489548 TACTTCTAGATTTCACTAAATTA TACTTTCAGACTTTATCGAATTT RVD2 RVD2 24.93 26.22 pTALEN_Os11N3
OsjChr8 18489446 32 18489478 YB5; 870087 153 0 153 18489485 20 18489548 TACTTCTAGATTTCACTAAATTA TACTTTCAGACTTTATCGAATTT RVD2 RVD2 24.93 26.22 pTALEN_Os11N3
OsjChr8 18489446 32 18489478 YB4; 902716 120 0 120 18489485 20 18489548 TACTTCTAGATTTCACTAAATTA TACTTTCAGACTTTATCGAATTT RVD2 RVD2 24.93 26.22 pTALEN_Os11N3
OsjChr9 3336288 2437 3338725 YB1; 1112035 21 0 21 3336506 15 3336564 TGCATGACAGCTTTACTAGGATA TACTAGAAGACATTCTTCCCATA RVD2 RVD2 24.96 24.72 pTALEN_Os11N3
OsjChr8 26728786 72 26728858 YB2; 1157580 4276 22 4298 26728823 17 26728879 TATATAGTTGGAGACCCTCCACTT TTAGATATGCATCTCCCC RVD2 RVD1 7.23 6.79 pTALEN_Os8N3
OsjChr8 26728844 22 26728866 YB4; 1202401 732 1 733 26728823 17 26728879 TATATAGTTGGAGACCCTCCACTT TTAGATATGCATCTCCCC RVD2 RVD1 7.23 6.79 pTALEN_Os8N3
OsjChr8 26728850 708 26729558 YB7; 1047602 677 17 694 26728823 17 26728879 TATATAGTTGGAGACCCTCCACTT TTAGATATGCATCTCCCC RVD2 RVD1 7.23 6.79 pTALEN_Os8N3
OsjChr8 26728851 12 26728863 YB6; 1011533 295 0 295 26728823 17 26728879 TATATAGTTGGAGACCCTCCACTT TTAGATATGCATCTCCCC RVD2 RVD1 7.23 6.79 pTALEN_Os8N3
OsjChr8 26728852 11 26728863 YB8; 1313113 2344 0 2344 26728823 17 26728879 TATATAGTTGGAGACCCTCCACTT TTAGATATGCATCTCCCC RVD2 RVD1 7.23 6.79 pTALEN_Os8N3
OsjChr8 26728852 8 26728860 YB5; 1168505 972 0 972 26728823 17 26728879 TATATAGTTGGAGACCCTCCACTT TTAGATATGCATCTCCCC RVD2 RVD1 7.23 6.79 pTALEN_Os8N3
OsjChr8 26728853 5 26728858 YB3; 1182679 2326 0 2326 26728823 17 26728879 TATATAGTTGGAGACCCTCCACTT TTAGATATGCATCTCCCC RVD2 RVD1 7.23 6.79 pTALEN_Os8N3
